<?xml version="1.0" encoding="UTF-8"?>
<!-- Generated by org.testng.reporters.JUnitXMLReporter -->
<testsuite hostname="LAPTOP-N04AR20A" ignored="0" name="Test1" tests="9" failures="0" timestamp="13 Aug 2019 02:54:33 GMT" time="0.057" errors="0">
  <testcase name="test1" time="0.007" classname="TestNGConcepts.GroupsDemo"/>
  <testcase name="test2" time="0.002" classname="TestNGConcepts.GroupsDemo"/>
  <testcase name="test3" time="0.002" classname="TestNGConcepts.GroupsDemo"/>
  <testcase name="test4" time="0.002" classname="TestNGConcepts.GroupsDemo"/>
  <testcase name="test5" time="0.001" classname="TestNGConcepts.GroupsDemo"/>
  <testcase name="test6" time="0.002" classname="TestNGConcepts.GroupsDemo"/>
  <testcase name="Test1" time="0.001" classname="TestNGConcepts.TestNGBasics"/>
  <testcase name="Test2" time="0.002" classname="TestNGConcepts.TestNGBasics"/>
  <testcase name="Test3" time="0.001" classname="TestNGConcepts.TestNGBasics"/>
</testsuite> <!-- Test1 -->
