<?xml version="1.0" encoding="UTF-8"?>
<testng-results skipped="0" failed="0" ignored="0" total="4" passed="4">
  <reporter-output>
  </reporter-output>
  <suite name="Default suite" duration-ms="35138" started-at="2019-08-16T03:08:13Z" finished-at="2019-08-16T03:08:48Z">
    <groups>
    </groups>
    <test name="Default test" duration-ms="35138" started-at="2019-08-16T03:08:13Z" finished-at="2019-08-16T03:08:48Z">
      <class name="TestNGConcepts.ExcelDataProvider">
        <test-method status="PASS" signature="setUp()[pri:0, instance:TestNGConcepts.ExcelDataProvider@77cd7a0]" name="setUp" is-config="true" duration-ms="4109" started-at="2019-08-16T03:08:13Z" finished-at="2019-08-16T03:08:17Z">
          <reporter-output>
          </reporter-output>
        </test-method> <!-- setUp -->
        <test-method status="PASS" signature="test1(java.lang.String, java.lang.String)[pri:0, instance:TestNGConcepts.ExcelDataProvider@77cd7a0]" name="test1" duration-ms="9303" started-at="2019-08-16T03:08:18Z" data-provider="test1data" finished-at="2019-08-16T03:08:27Z">
          <params>
            <param index="0">
              <value>
                <![CDATA[Admin]]>
              </value>
            </param>
            <param index="1">
              <value>
                <![CDATA[admin123]]>
              </value>
            </param>
          </params>
          <reporter-output>
          </reporter-output>
        </test-method> <!-- test1 -->
        <test-method status="PASS" signature="test1(java.lang.String, java.lang.String)[pri:0, instance:TestNGConcepts.ExcelDataProvider@77cd7a0]" name="test1" duration-ms="7167" started-at="2019-08-16T03:08:27Z" data-provider="test1data" finished-at="2019-08-16T03:08:34Z">
          <params>
            <param index="0">
              <value>
                <![CDATA[Admin2]]>
              </value>
            </param>
            <param index="1">
              <value>
                <![CDATA[admin1234]]>
              </value>
            </param>
          </params>
          <reporter-output>
          </reporter-output>
        </test-method> <!-- test1 -->
        <test-method status="PASS" signature="test1(java.lang.String, java.lang.String)[pri:0, instance:TestNGConcepts.ExcelDataProvider@77cd7a0]" name="test1" duration-ms="6851" started-at="2019-08-16T03:08:34Z" data-provider="test1data" finished-at="2019-08-16T03:08:41Z">
          <params>
            <param index="0">
              <value>
                <![CDATA[Admin3]]>
              </value>
            </param>
            <param index="1">
              <value>
                <![CDATA[admin2345]]>
              </value>
            </param>
          </params>
          <reporter-output>
          </reporter-output>
        </test-method> <!-- test1 -->
        <test-method status="PASS" signature="test1(java.lang.String, java.lang.String)[pri:0, instance:TestNGConcepts.ExcelDataProvider@77cd7a0]" name="test1" duration-ms="7073" started-at="2019-08-16T03:08:41Z" data-provider="test1data" finished-at="2019-08-16T03:08:48Z">
          <params>
            <param index="0">
              <value>
                <![CDATA[Admin4]]>
              </value>
            </param>
            <param index="1">
              <value>
                <![CDATA[admin3456]]>
              </value>
            </param>
          </params>
          <reporter-output>
          </reporter-output>
        </test-method> <!-- test1 -->
      </class> <!-- TestNGConcepts.ExcelDataProvider -->
    </test> <!-- Default test -->
  </suite> <!-- Default suite -->
</testng-results>
